[    2897ms] [INFO] %cDownload the React DevTools for a better development experience: https://react.dev/link/react-devtools font-weight:bold @ http://localhost:3001/_next/static/chunks/0qq-_next_dist_1ikp-zx._.js:2477
[    2983ms] [LOG] [HMR] connected @ http://localhost:3001/_next/static/chunks/0qq-_next_dist_1ikp-zx._.js:2477
[    3178ms] [LOG] [Fast Refresh] rebuilding @ http://localhost:3001/_next/static/chunks/0qq-_next_dist_1ikp-zx._.js:2477
[    3374ms] [LOG] [Fast Refresh] done in 302ms @ http://localhost:3001/_next/static/chunks/0qq-_next_dist_1ikp-zx._.js:2477
[    3394ms] [ERROR] Failed to load resource: the server responded with a status of 404 (Not Found) @ http://localhost:3001/favicon.png:0
[    3635ms] [LOG] %c[Vercel Web Analytics]%c Debug mode is enabled by default in development. No requests will be sent to the server. color: rgb(120, 120, 120) color: inherit @ http://localhost:3001/_next/static/chunks/0qq-_next_dist_1ikp-zx._.js:2477
[    3636ms] [LOG] %c[Vercel Web Analytics]%c [view] http://localhost:3001/ color: rgb(120, 120, 120) color: inherit {o: http://localhost:3001/, sv: 0.1.3, sdkn: @vercel/analytics/react, sdkv: 2.0.1, ts: 1783804300615} /_vercel/insights/view @ http://localhost:3001/_next/static/chunks/0qq-_next_dist_1ikp-zx._.js:2477
[   58202ms] [LOG] [Fast Refresh] rebuilding @ http://localhost:3001/_next/static/chunks/0qq-_next_dist_1ikp-zx._.js:2477
[   58261ms] [LOG] [Fast Refresh] done in 58ms @ http://localhost:3001/_next/static/chunks/0qq-_next_dist_1ikp-zx._.js:2477
[  394541ms] [LOG] [Fast Refresh] rebuilding @ http://localhost:3001/_next/static/chunks/0qq-_next_dist_1ikp-zx._.js:2477
[  394568ms] [LOG] [Fast Refresh] done in 66ms @ http://localhost:3001/_next/static/chunks/0qq-_next_dist_1ikp-zx._.js:2477
[  399720ms] [LOG] [Fast Refresh] rebuilding @ http://localhost:3001/_next/static/chunks/0qq-_next_dist_1ikp-zx._.js:2477
[  399964ms] [LOG] [Fast Refresh] done in 320ms @ http://localhost:3001/_next/static/chunks/0qq-_next_dist_1ikp-zx._.js:2477
[  400107ms] [LOG] [Fast Refresh] rebuilding @ http://localhost:3001/_next/static/chunks/0qq-_next_dist_1ikp-zx._.js:2477
[  400225ms] [LOG] [Fast Refresh] done in 218ms @ http://localhost:3001/_next/static/chunks/0qq-_next_dist_1ikp-zx._.js:2477
[  400397ms] [INFO] %cDownload the React DevTools for a better development experience: https://react.dev/link/react-devtools font-weight:bold @ http://localhost:3001/_next/static/chunks/0qq-_next_dist_1ikp-zx._.js:2477
[  400433ms] [LOG] [HMR] connected @ http://localhost:3001/_next/static/chunks/0qq-_next_dist_1ikp-zx._.js:2477
[  400533ms] [LOG] %c[Vercel Web Analytics]%c Debug mode is enabled by default in development. No requests will be sent to the server. color: rgb(120, 120, 120) color: inherit @ http://localhost:3001/_next/static/chunks/0qq-_next_dist_1ikp-zx._.js:2477
[  400533ms] [LOG] %c[Vercel Web Analytics]%c [view] http://localhost:3001/ color: rgb(120, 120, 120) color: inherit {o: http://localhost:3001/, sv: 0.1.3, sdkn: @vercel/analytics/react, sdkv: 2.0.1, ts: 1783804697513} /_vercel/insights/view @ http://localhost:3001/_next/static/chunks/0qq-_next_dist_1ikp-zx._.js:2477
[  404077ms] [LOG] [Fast Refresh] rebuilding @ http://localhost:3001/_next/static/chunks/0qq-_next_dist_1ikp-zx._.js:2477
[  404133ms] [LOG] [Fast Refresh] done in 50ms @ http://localhost:3001/_next/static/chunks/0qq-_next_dist_1ikp-zx._.js:2477
[  409305ms] [LOG] [Fast Refresh] rebuilding @ http://localhost:3001/_next/static/chunks/0qq-_next_dist_1ikp-zx._.js:2477
[  409608ms] [LOG] [Fast Refresh] done in 287ms @ http://localhost:3001/_next/static/chunks/0qq-_next_dist_1ikp-zx._.js:2477
[ 1099584ms] [LOG] [Fast Refresh] rebuilding @ http://localhost:3001/_next/static/chunks/0qq-_next_dist_1ikp-zx._.js:2477
[ 1099633ms] [LOG] [Fast Refresh] done in 30ms @ http://localhost:3001/_next/static/chunks/0qq-_next_dist_1ikp-zx._.js:2477
[ 1115954ms] [LOG] [Fast Refresh] rebuilding @ http://localhost:3001/_next/static/chunks/0qq-_next_dist_1ikp-zx._.js:2477
[ 1116009ms] [LOG] [Fast Refresh] done in 52ms @ http://localhost:3001/_next/static/chunks/0qq-_next_dist_1ikp-zx._.js:2477
[ 1766086ms] [LOG] [Fast Refresh] rebuilding @ http://localhost:3001/_next/static/chunks/0qq-_next_dist_1ikp-zx._.js:2477
[ 1766205ms] [LOG] [Fast Refresh] done in 54ms @ http://localhost:3001/_next/static/chunks/0qq-_next_dist_1ikp-zx._.js:2477
[ 1815979ms] [LOG] [Fast Refresh] rebuilding @ http://localhost:3001/_next/static/chunks/0qq-_next_dist_1ikp-zx._.js:2477
[ 1816138ms] [LOG] [Fast Refresh] done in 211ms @ http://localhost:3001/_next/static/chunks/0qq-_next_dist_1ikp-zx._.js:2477
[ 1816495ms] [LOG] [Fast Refresh] rebuilding @ http://localhost:3001/_next/static/chunks/0qq-_next_dist_1ikp-zx._.js:2477
[ 1816569ms] [LOG] [Fast Refresh] done in 134ms @ http://localhost:3001/_next/static/chunks/0qq-_next_dist_1ikp-zx._.js:2477
[ 1816940ms] [LOG] [Fast Refresh] rebuilding @ http://localhost:3001/_next/static/chunks/0qq-_next_dist_1ikp-zx._.js:2477
[ 1817004ms] [LOG] [Fast Refresh] done in 165ms @ http://localhost:3001/_next/static/chunks/0qq-_next_dist_1ikp-zx._.js:2477
[ 1827573ms] [LOG] [Fast Refresh] rebuilding @ http://localhost:3001/_next/static/chunks/0qq-_next_dist_1ikp-zx._.js:2477
[ 1827650ms] [LOG] [Fast Refresh] done in 133ms @ http://localhost:3001/_next/static/chunks/0qq-_next_dist_1ikp-zx._.js:2477
[ 1837034ms] [LOG] [Fast Refresh] rebuilding @ http://localhost:3001/_next/static/chunks/0qq-_next_dist_1ikp-zx._.js:2477
[ 1837119ms] [LOG] [Fast Refresh] done in 146ms @ http://localhost:3001/_next/static/chunks/0qq-_next_dist_1ikp-zx._.js:2477
[ 1837218ms] [ERROR] Encountered a script tag while rendering React component. Scripts inside React components are never executed when rendering on the client. Consider using template tag instead (https://developer.mozilla.org/en-US/docs/Web/HTML/Element/template). @ http://localhost:3001/_next/static/chunks/0qq-_next_dist_1ikp-zx._.js:3318
[ 1849479ms] [LOG] [Fast Refresh] rebuilding @ http://localhost:3001/_next/static/chunks/0qq-_next_dist_1ikp-zx._.js:2477
[ 1849514ms] [LOG] [Fast Refresh] done in 52ms @ http://localhost:3001/_next/static/chunks/0qq-_next_dist_1ikp-zx._.js:2477
[ 1855751ms] [LOG] [Fast Refresh] rebuilding @ http://localhost:3001/_next/static/chunks/0qq-_next_dist_1ikp-zx._.js:2477
[ 1855791ms] [LOG] [Fast Refresh] done in 104ms @ http://localhost:3001/_next/static/chunks/0qq-_next_dist_1ikp-zx._.js:2477
[ 1865785ms] [LOG] [Fast Refresh] rebuilding @ http://localhost:3001/_next/static/chunks/0qq-_next_dist_1ikp-zx._.js:2477
[ 1865831ms] [LOG] [Fast Refresh] done in 87ms @ http://localhost:3001/_next/static/chunks/0qq-_next_dist_1ikp-zx._.js:2477
[ 1866171ms] [LOG] [Fast Refresh] rebuilding @ http://localhost:3001/_next/static/chunks/0qq-_next_dist_1ikp-zx._.js:2477
[ 1866231ms] [LOG] [Fast Refresh] done in 136ms @ http://localhost:3001/_next/static/chunks/0qq-_next_dist_1ikp-zx._.js:2477
[ 1894309ms] [LOG] [Fast Refresh] rebuilding @ http://localhost:3001/_next/static/chunks/0qq-_next_dist_1ikp-zx._.js:2477
[ 1894338ms] [LOG] [Fast Refresh] done in 37ms @ http://localhost:3001/_next/static/chunks/0qq-_next_dist_1ikp-zx._.js:2477
[ 1921463ms] [LOG] [Fast Refresh] rebuilding @ http://localhost:3001/_next/static/chunks/0qq-_next_dist_1ikp-zx._.js:2477
[ 1921508ms] [LOG] [Fast Refresh] done in 87ms @ http://localhost:3001/_next/static/chunks/0qq-_next_dist_1ikp-zx._.js:2477
[ 1927674ms] [LOG] [Fast Refresh] rebuilding @ http://localhost:3001/_next/static/chunks/0qq-_next_dist_1ikp-zx._.js:2477
[ 1927699ms] [LOG] [Fast Refresh] done in 36ms @ http://localhost:3001/_next/static/chunks/0qq-_next_dist_1ikp-zx._.js:2477
[ 1940208ms] [LOG] [Fast Refresh] rebuilding @ http://localhost:3001/_next/static/chunks/0qq-_next_dist_1ikp-zx._.js:2477
[ 1940217ms] [ERROR] The final argument passed to %s changed size between renders. The order and size of this array must remain constant.

Previous: %s
Incoming: %s useEffect [true] [true, 500, +, ] @ http://localhost:3001/_next/static/chunks/0qq-_next_dist_1ikp-zx._.js:3318
[ 1940218ms] [ERROR] The final argument passed to %s changed size between renders. The order and size of this array must remain constant.

Previous: %s
Incoming: %s useEffect [true] [true, 10, +, ] @ http://localhost:3001/_next/static/chunks/0qq-_next_dist_1ikp-zx._.js:3318
[ 1940219ms] [ERROR] The final argument passed to %s changed size between renders. The order and size of this array must remain constant.

Previous: %s
Incoming: %s useEffect [true] [true, 50, +, ] @ http://localhost:3001/_next/static/chunks/0qq-_next_dist_1ikp-zx._.js:3318
[ 1940221ms] [ERROR] The final argument passed to %s changed size between renders. The order and size of this array must remain constant.

Previous: %s
Incoming: %s useEffect [true] [true, 99.9, , %] @ http://localhost:3001/_next/static/chunks/0qq-_next_dist_1ikp-zx._.js:3318
[ 1940238ms] [LOG] [Fast Refresh] done in 46ms @ http://localhost:3001/_next/static/chunks/0qq-_next_dist_1ikp-zx._.js:2477
[ 1940585ms] [LOG] [Fast Refresh] rebuilding @ http://localhost:3001/_next/static/chunks/0qq-_next_dist_1ikp-zx._.js:2477
[ 1940594ms] [ERROR] Each child in a list should have a unique "key" prop.%s%s See https://react.dev/link/warning-keys for more information. 

Check the render method of `section`.  It was passed a child from HeroSection. @ http://localhost:3001/_next/static/chunks/0qq-_next_dist_1ikp-zx._.js:3318
[ 1940613ms] [LOG] [Fast Refresh] done in 62ms @ http://localhost:3001/_next/static/chunks/0qq-_next_dist_1ikp-zx._.js:2477
[ 1940997ms] [LOG] [Fast Refresh] rebuilding @ http://localhost:3001/_next/static/chunks/0qq-_next_dist_1ikp-zx._.js:2477
[ 1941042ms] [LOG] [Fast Refresh] done in 85ms @ http://localhost:3001/_next/static/chunks/0qq-_next_dist_1ikp-zx._.js:2477
[ 1941336ms] [LOG] [Fast Refresh] rebuilding @ http://localhost:3001/_next/static/chunks/0qq-_next_dist_1ikp-zx._.js:2477
[ 1941362ms] [LOG] [Fast Refresh] done in 91ms @ http://localhost:3001/_next/static/chunks/0qq-_next_dist_1ikp-zx._.js:2477
[ 1941670ms] [LOG] [Fast Refresh] rebuilding @ http://localhost:3001/_next/static/chunks/0qq-_next_dist_1ikp-zx._.js:2477
[ 1941723ms] [LOG] [Fast Refresh] done in 81ms @ http://localhost:3001/_next/static/chunks/0qq-_next_dist_1ikp-zx._.js:2477
[ 1954890ms] [LOG] [Fast Refresh] rebuilding @ http://localhost:3001/_next/static/chunks/0qq-_next_dist_1ikp-zx._.js:2477
[ 1954916ms] [LOG] [Fast Refresh] done in 50ms @ http://localhost:3001/_next/static/chunks/0qq-_next_dist_1ikp-zx._.js:2477
[ 1955239ms] [LOG] [Fast Refresh] rebuilding @ http://localhost:3001/_next/static/chunks/0qq-_next_dist_1ikp-zx._.js:2477
[ 1955322ms] [LOG] [Fast Refresh] done in 132ms @ http://localhost:3001/_next/static/chunks/0qq-_next_dist_1ikp-zx._.js:2477
[ 1955634ms] [LOG] [Fast Refresh] rebuilding @ http://localhost:3001/_next/static/chunks/0qq-_next_dist_1ikp-zx._.js:2477
[ 1955659ms] [LOG] [Fast Refresh] done in 46ms @ http://localhost:3001/_next/static/chunks/0qq-_next_dist_1ikp-zx._.js:2477
[ 1969856ms] [LOG] [Fast Refresh] rebuilding @ http://localhost:3001/_next/static/chunks/0qq-_next_dist_1ikp-zx._.js:2477
[ 1969889ms] [LOG] [Fast Refresh] done in 74ms @ http://localhost:3001/_next/static/chunks/0qq-_next_dist_1ikp-zx._.js:2477
[ 1970140ms] [LOG] [Fast Refresh] rebuilding @ http://localhost:3001/_next/static/chunks/0qq-_next_dist_1ikp-zx._.js:2477
[ 1970162ms] [LOG] [Fast Refresh] done in 52ms @ http://localhost:3001/_next/static/chunks/0qq-_next_dist_1ikp-zx._.js:2477
[ 1970481ms] [LOG] [Fast Refresh] rebuilding @ http://localhost:3001/_next/static/chunks/0qq-_next_dist_1ikp-zx._.js:2477
[ 1970536ms] [LOG] [Fast Refresh] done in 58ms @ http://localhost:3001/_next/static/chunks/0qq-_next_dist_1ikp-zx._.js:2477
[ 1970834ms] [LOG] [Fast Refresh] rebuilding @ http://localhost:3001/_next/static/chunks/0qq-_next_dist_1ikp-zx._.js:2477
[ 1970860ms] [LOG] [Fast Refresh] done in 62ms @ http://localhost:3001/_next/static/chunks/0qq-_next_dist_1ikp-zx._.js:2477
[ 1971173ms] [LOG] [Fast Refresh] rebuilding @ http://localhost:3001/_next/static/chunks/0qq-_next_dist_1ikp-zx._.js:2477
[ 1971204ms] [LOG] [Fast Refresh] done in 42ms @ http://localhost:3001/_next/static/chunks/0qq-_next_dist_1ikp-zx._.js:2477
[ 1971515ms] [LOG] [Fast Refresh] rebuilding @ http://localhost:3001/_next/static/chunks/0qq-_next_dist_1ikp-zx._.js:2477
[ 1971539ms] [LOG] [Fast Refresh] done in 39ms @ http://localhost:3001/_next/static/chunks/0qq-_next_dist_1ikp-zx._.js:2477
[ 1983106ms] [LOG] [Fast Refresh] rebuilding @ http://localhost:3001/_next/static/chunks/0qq-_next_dist_1ikp-zx._.js:2477
[ 1983153ms] [LOG] [Fast Refresh] done in 26ms @ http://localhost:3001/_next/static/chunks/0qq-_next_dist_1ikp-zx._.js:2477
[ 1991735ms] [LOG] [Fast Refresh] rebuilding @ http://localhost:3001/_next/static/chunks/0qq-_next_dist_1ikp-zx._.js:2477
[ 1991759ms] [LOG] [Fast Refresh] done in 51ms @ http://localhost:3001/_next/static/chunks/0qq-_next_dist_1ikp-zx._.js:2477
[ 1992114ms] [LOG] [Fast Refresh] rebuilding @ http://localhost:3001/_next/static/chunks/0qq-_next_dist_1ikp-zx._.js:2477
[ 1992140ms] [LOG] [Fast Refresh] done in 54ms @ http://localhost:3001/_next/static/chunks/0qq-_next_dist_1ikp-zx._.js:2477
[ 1992407ms] [LOG] [Fast Refresh] rebuilding @ http://localhost:3001/_next/static/chunks/0qq-_next_dist_1ikp-zx._.js:2477
[ 1992467ms] [LOG] [Fast Refresh] done in 49ms @ http://localhost:3001/_next/static/chunks/0qq-_next_dist_1ikp-zx._.js:2477
[ 1992793ms] [LOG] [Fast Refresh] rebuilding @ http://localhost:3001/_next/static/chunks/0qq-_next_dist_1ikp-zx._.js:2477
[ 1992860ms] [LOG] [Fast Refresh] done in 30ms @ http://localhost:3001/_next/static/chunks/0qq-_next_dist_1ikp-zx._.js:2477
[ 2000896ms] [LOG] [Fast Refresh] rebuilding @ http://localhost:3001/_next/static/chunks/0qq-_next_dist_1ikp-zx._.js:2477
[ 2000948ms] [LOG] [Fast Refresh] done in 43ms @ http://localhost:3001/_next/static/chunks/0qq-_next_dist_1ikp-zx._.js:2477
[ 2001253ms] [LOG] [Fast Refresh] rebuilding @ http://localhost:3001/_next/static/chunks/0qq-_next_dist_1ikp-zx._.js:2477
[ 2001284ms] [LOG] [Fast Refresh] done in 37ms @ http://localhost:3001/_next/static/chunks/0qq-_next_dist_1ikp-zx._.js:2477
